<?xml version="1.0" encoding="UTF-8"?>
<!-- Generated by org.testng.reporters.JUnitReportReporter -->
<testsuite hostname="DESKTOP-79IRMBV" failures="0" tests="1" name="com.crm.qa.testcases.Sample" time="0.015" errors="0" timestamp="04 Nov 2023 09:26:42 GMT" skipped="0">
  <testcase classname="com.crm.qa.testcases.Sample" name="GoogleTitleTest" time="0.015"/>
</testsuite> <!-- com.crm.qa.testcases.Sample -->
