<?xml version="1.0" encoding="UTF-8"?>
<!-- Generated by org.testng.reporters.JUnitReportReporter -->
<testsuite skipped="0" hostname="Alle-2QL47X3" name="com.crm.qa.testcases.Examples.RedBus" tests="1" failures="0" timestamp="07 Dec 2023 09:27:05 GMT" time="4.053" errors="0">
  <testcase name="Suppress_PushNotification" time="4.053" classname="com.crm.qa.testcases.Examples.RedBus"/>
</testsuite> <!-- com.crm.qa.testcases.Examples.RedBus -->
