<?xml version="1.0" encoding="UTF-8"?>
<!-- Generated by org.testng.reporters.JUnitReportReporter -->
<testsuite hostname="Alle-2QL47X3" name="com.crm.qa.testcases.Examples.AlertsPopups" tests="2" failures="0" timestamp="8 Dec 2023 09:47:04 GMT" time="14.403" errors="0">
  <testcase name="handle_alerts" time="9.167" classname="com.crm.qa.testcases.Examples.AlertsPopups"/>
  <testcase name="Handle_Popups" time="5.236" classname="com.crm.qa.testcases.Examples.AlertsPopups"/>
</testsuite> <!-- com.crm.qa.testcases.Examples.AlertsPopups -->
