<?xml version="1.0" encoding="UTF-8"?>
<!-- Generated by org.testng.reporters.JUnitReportReporter -->
<testsuite hostname="Alle-2QL47X3" name="com.crm.qa.testcases.Examples.Notifications" tests="3" failures="0" timestamp="8 Dec 2023 09:17:42 GMT" time="8.072" errors="0">
  <testcase name="Suppress_GeoLocationPopup" time="1.671" classname="com.crm.qa.testcases.Examples.Notifications"/>
  <testcase name="Suppress_PushNotification2" time="1.801" classname="com.crm.qa.testcases.Examples.Notifications"/>
  <testcase name="Suppress_PushNotification" time="4.600" classname="com.crm.qa.testcases.Examples.Notifications"/>
</testsuite> <!-- com.crm.qa.testcases.Examples.Notifications -->
