<?xml version="1.0" encoding="UTF-8"?>
<!-- Generated by org.testng.reporters.JUnitReportReporter -->
<testsuite hostname="Alle-2QL47X3" name="com.crm.qa.testcases.Examples.DropDown" tests="1" failures="0" timestamp="8 Dec 2023 08:14:08 GMT" time="13.677" errors="0">
  <testcase name="WebsiteLogin_Test" time="13.677" classname="com.crm.qa.testcases.Examples.DropDown"/>
</testsuite> <!-- com.crm.qa.testcases.Examples.DropDown -->
