<?xml version="1.0" encoding="UTF-8"?>
<!-- Generated by org.testng.reporters.JUnitReportReporter -->
<testsuite skipped="0" hostname="Alle-2QL47X3" name="com.crm.qa.testcases.Examples.Notifications" tests="1" failures="0" timestamp="07 Dec 2023 12:42:14 GMT" time="4.670" errors="0">
  <testcase name="Suppress_PushNotification" time="4.670" classname="com.crm.qa.testcases.Examples.Notifications"/>
</testsuite> <!-- com.crm.qa.testcases.Examples.Notifications -->
