<?xml version="1.0" encoding="UTF-8"?>
<!-- Generated by org.testng.reporters.JUnitReportReporter -->
<testsuite skipped="0" hostname="Alle-2QL47X3" name="com.crm.qa.testcases.GoogleTest" tests="1" failures="0" timestamp="13 Nov 2023 12:59:03 GMT" time="17.965" errors="0">
  <testcase name="GoogleTitleTest" time="17.965" classname="com.crm.qa.testcases.GoogleTest"/>
</testsuite> <!-- com.crm.qa.testcases.GoogleTest -->
