<?xml version="1.0" encoding="UTF-8"?>
<!-- Generated by org.testng.reporters.JUnitReportReporter -->
<testsuite hostname="DESKTOP-79IRMBV" failures="0" tests="1" name="com.demo.qa.testcases.GoogleTest" time="3.129" errors="0" timestamp="04 Nov 2023 10:17:32 GMT" skipped="0">
  <testcase classname="com.demo.qa.testcases.GoogleTest" name="GoogleTitleTest" time="3.129"/>
</testsuite> <!-- com.demo.qa.testcases.GoogleTest -->
